<?xml version="1.0" encoding="UTF-8"?>
<!-- Generated by org.testng.reporters.JUnitReportReporter -->
<testsuite skipped="0" hostname="ISMETINALPC" name="com.syntax.lsu.testCases.ExcelUtility" tests="1" failures="0" timestamp="20 Jun 2019 01:32:04 GMT" time="1.011" errors="0">
  <testcase name="readExcelData" time="1.011" classname="com.syntax.lsu.testCases.ExcelUtility"/>
</testsuite> <!-- com.syntax.lsu.testCases.ExcelUtility -->
