<?xml version="1.0" encoding="UTF-8"?>
<!-- Generated by org.testng.reporters.JUnitReportReporter -->
<testsuite skipped="0" hostname="ISMETINALPC" name="com.syntax.lsu.testPage.LoginPageTestCases" tests="1" failures="0" timestamp="13 Jun 2019 22:57:46 GMT" time="11.283" errors="0">
  <testcase name="login" time="11.283" classname="com.syntax.lsu.testPage.LoginPageTestCases"/>
</testsuite> <!-- com.syntax.lsu.testPage.LoginPageTestCases -->
