<?xml version="1.0" encoding="UTF-8"?>
<!-- Generated by org.testng.reporters.JUnitReportReporter -->
<testsuite skipped="0" hostname="ISMETINALPC" name="com.syntax.lsu.testCases.SimpleArrayObj" tests="3" failures="0" timestamp="20 Jun 2019 00:20:02 GMT" time="0.016" errors="0">
  <testcase name="arrayData" time="0.002" classname="com.syntax.lsu.testCases.SimpleArrayObj"/>
  <testcase name="arrayData" time="0.012" classname="com.syntax.lsu.testCases.SimpleArrayObj"/>
  <testcase name="arrayData" time="0.002" classname="com.syntax.lsu.testCases.SimpleArrayObj"/>
</testsuite> <!-- com.syntax.lsu.testCases.SimpleArrayObj -->
